0 verbose cli C:\Program Files\nodejs\node.exe C:\Program Files\nodejs\node_modules\npm\bin\npm-cli.js
1 info using npm@10.8.2
2 info using node@v20.17.0
3 silly config load:file:C:\Program Files\nodejs\node_modules\npm\npmrc
4 silly config load:file:C:\medusa-local\my-medusa-store-storefront\.npmrc
5 silly config load:file:C:\Users\pmdin\.npmrc
6 silly config load:file:C:\Users\pmdin\AppData\Roaming\npm\etc\npmrc
7 verbose title npm run dev
8 verbose argv "run" "dev"
9 verbose logfile logs-max:10 dir:C:\medusa-local\my-medusa-store-storefront\UserspmdinAppDataRoamingnpm\_logs\2024-09-10T12_35_23_249Z-
10 verbose logfile C:\medusa-local\my-medusa-store-storefront\UserspmdinAppDataRoamingnpm\_logs\2024-09-10T12_35_23_249Z-debug-0.log
11 silly logfile done cleaning log files
12 http fetch GET 200 https://registry.npmjs.org/npm 660ms
13 verbose cwd C:\medusa-local\my-medusa-store-storefront
14 verbose os Windows_NT 10.0.22631
15 verbose node v20.17.0
16 verbose npm  v10.8.2
17 notice
17 notice New [36mpatch[39m version of npm available! [36m10.8.2[39m -> [34m10.8.3[39m
17 notice Changelog: [34mhttps://github.com/npm/cli/releases/tag/v10.8.3[39m
17 notice To update run: [4mnpm install -g npm@10.8.3[24m
17 notice  { force: true, [Symbol(proc-log.meta)]: true }
18 verbose exit 0
19 info ok
